<?xml version="1.0" encoding="UTF-8"?>
<testsuite xmlns:xsi="http://www.w3.org/2001/XMLSchema-instance" xsi:noNamespaceSchemaLocation="https://maven.apache.org/surefire/maven-surefire-plugin/xsd/surefire-test-report-3.0.xsd" version="3.0" name="cosmosdb.AzureCosmosDbApplicationManualTest" time="13.884" tests="1" errors="1" skipped="0" failures="0">
  <properties>
    <property name="java.specification.version" value="17"/>
    <property name="sun.jnu.encoding" value="UTF-8"/>
    <property name="java.class.path" value="/Users/noahbeverly/Documents/repos/orhp-crud-app/orhp-java/target/test-classes:/Users/noahbeverly/Documents/repos/orhp-crud-app/orhp-java/target/classes:/Users/noahbeverly/.m2/repository/org/springframework/boot/spring-boot-starter-web/2.3.0.RELEASE/spring-boot-starter-web-2.3.0.RELEASE.jar:/Users/noahbeverly/.m2/repository/org/springframework/boot/spring-boot-starter/2.3.0.RELEASE/spring-boot-starter-2.3.0.RELEASE.jar:/Users/noahbeverly/.m2/repository/org/springframework/boot/spring-boot/2.3.0.RELEASE/spring-boot-2.3.0.RELEASE.jar:/Users/noahbeverly/.m2/repository/org/springframework/boot/spring-boot-autoconfigure/2.3.0.RELEASE/spring-boot-autoconfigure-2.3.0.RELEASE.jar:/Users/noahbeverly/.m2/repository/org/springframework/boot/spring-boot-starter-logging/2.3.0.RELEASE/spring-boot-starter-logging-2.3.0.RELEASE.jar:/Users/noahbeverly/.m2/repository/ch/qos/logback/logback-classic/1.2.3/logback-classic-1.2.3.jar:/Users/noahbeverly/.m2/repository/ch/qos/logback/logback-core/1.2.3/logback-core-1.2.3.jar:/Users/noahbeverly/.m2/repository/org/apache/logging/log4j/log4j-to-slf4j/2.13.2/log4j-to-slf4j-2.13.2.jar:/Users/noahbeverly/.m2/repository/org/apache/logging/log4j/log4j-api/2.13.2/log4j-api-2.13.2.jar:/Users/noahbeverly/.m2/repository/org/slf4j/jul-to-slf4j/1.7.30/jul-to-slf4j-1.7.30.jar:/Users/noahbeverly/.m2/repository/jakarta/annotation/jakarta.annotation-api/1.3.5/jakarta.annotation-api-1.3.5.jar:/Users/noahbeverly/.m2/repository/org/yaml/snakeyaml/1.26/snakeyaml-1.26.jar:/Users/noahbeverly/.m2/repository/org/springframework/boot/spring-boot-starter-json/2.3.0.RELEASE/spring-boot-starter-json-2.3.0.RELEASE.jar:/Users/noahbeverly/.m2/repository/com/fasterxml/jackson/core/jackson-databind/2.11.0/jackson-databind-2.11.0.jar:/Users/noahbeverly/.m2/repository/org/springframework/boot/spring-boot-starter-tomcat/2.3.0.RELEASE/spring-boot-starter-tomcat-2.3.0.RELEASE.jar:/Users/noahbeverly/.m2/repository/org/apache/tomcat/embed/tomcat-embed-core/9.0.35/tomcat-embed-core-9.0.35.jar:/Users/noahbeverly/.m2/repository/org/glassfish/jakarta.el/3.0.3/jakarta.el-3.0.3.jar:/Users/noahbeverly/.m2/repository/org/apache/tomcat/embed/tomcat-embed-websocket/9.0.35/tomcat-embed-websocket-9.0.35.jar:/Users/noahbeverly/.m2/repository/org/springframework/spring-web/5.2.6.RELEASE/spring-web-5.2.6.RELEASE.jar:/Users/noahbeverly/.m2/repository/org/springframework/spring-webmvc/5.2.6.RELEASE/spring-webmvc-5.2.6.RELEASE.jar:/Users/noahbeverly/.m2/repository/org/springframework/spring-aop/5.2.6.RELEASE/spring-aop-5.2.6.RELEASE.jar:/Users/noahbeverly/.m2/repository/com/microsoft/azure/spring-data-cosmosdb/2.3.0/spring-data-cosmosdb-2.3.0.jar:/Users/noahbeverly/.m2/repository/org/springframework/spring-core/5.2.6.RELEASE/spring-core-5.2.6.RELEASE.jar:/Users/noahbeverly/.m2/repository/org/springframework/spring-jcl/5.2.6.RELEASE/spring-jcl-5.2.6.RELEASE.jar:/Users/noahbeverly/.m2/repository/org/springframework/spring-beans/5.2.6.RELEASE/spring-beans-5.2.6.RELEASE.jar:/Users/noahbeverly/.m2/repository/org/springframework/spring-context/5.2.6.RELEASE/spring-context-5.2.6.RELEASE.jar:/Users/noahbeverly/.m2/repository/org/springframework/spring-tx/5.2.6.RELEASE/spring-tx-5.2.6.RELEASE.jar:/Users/noahbeverly/.m2/repository/org/springframework/data/spring-data-commons/2.3.0.RELEASE/spring-data-commons-2.3.0.RELEASE.jar:/Users/noahbeverly/.m2/repository/org/slf4j/slf4j-api/1.7.26/slf4j-api-1.7.26.jar:/Users/noahbeverly/.m2/repository/org/springframework/spring-expression/5.2.6.RELEASE/spring-expression-5.2.6.RELEASE.jar:/Users/noahbeverly/.m2/repository/com/microsoft/azure/azure-cosmos/3.7.3/azure-cosmos-3.7.3.jar:/Users/noahbeverly/.m2/repository/com/fasterxml/uuid/java-uuid-generator/3.2.0/java-uuid-generator-3.2.0.jar:/Users/noahbeverly/.m2/repository/commons-io/commons-io/2.5/commons-io-2.5.jar:/Users/noahbeverly/.m2/repository/commons-validator/commons-validator/1.6/commons-validator-1.6.jar:/Users/noahbeverly/.m2/repository/commons-digester/commons-digester/1.8.1/commons-digester-1.8.1.jar:/Users/noahbeverly/.m2/repository/commons-logging/commons-logging/1.2/commons-logging-1.2.jar:/Users/noahbeverly/.m2/repository/commons-collections/commons-collections/3.2.2/commons-collections-3.2.2.jar:/Users/noahbeverly/.m2/repository/io/projectreactor/reactor-core/3.3.5.RELEASE/reactor-core-3.3.5.RELEASE.jar:/Users/noahbeverly/.m2/repository/org/reactivestreams/reactive-streams/1.0.3/reactive-streams-1.0.3.jar:/Users/noahbeverly/.m2/repository/io/netty/netty-codec-http/4.1.50.Final/netty-codec-http-4.1.50.Final.jar:/Users/noahbeverly/.m2/repository/io/netty/netty-common/4.1.50.Final/netty-common-4.1.50.Final.jar:/Users/noahbeverly/.m2/repository/io/netty/netty-buffer/4.1.50.Final/netty-buffer-4.1.50.Final.jar:/Users/noahbeverly/.m2/repository/io/netty/netty-transport/4.1.50.Final/netty-transport-4.1.50.Final.jar:/Users/noahbeverly/.m2/repository/io/netty/netty-codec/4.1.50.Final/netty-codec-4.1.50.Final.jar:/Users/noahbeverly/.m2/repository/io/netty/netty-handler/4.1.50.Final/netty-handler-4.1.50.Final.jar:/Users/noahbeverly/.m2/repository/io/netty/netty-resolver/4.1.50.Final/netty-resolver-4.1.50.Final.jar:/Users/noahbeverly/.m2/repository/org/apache/commons/commons-lang3/3.8.1/commons-lang3-3.8.1.jar:/Users/noahbeverly/.m2/repository/org/apache/commons/commons-collections4/4.2/commons-collections4-4.2.jar:/Users/noahbeverly/.m2/repository/org/apache/commons/commons-text/1.6/commons-text-1.6.jar:/Users/noahbeverly/.m2/repository/com/google/guava/guava/25.0-jre/guava-25.0-jre.jar:/Users/noahbeverly/.m2/repository/com/google/code/findbugs/jsr305/1.3.9/jsr305-1.3.9.jar:/Users/noahbeverly/.m2/repository/org/checkerframework/checker-compat-qual/2.0.0/checker-compat-qual-2.0.0.jar:/Users/noahbeverly/.m2/repository/com/google/errorprone/error_prone_annotations/2.1.3/error_prone_annotations-2.1.3.jar:/Users/noahbeverly/.m2/repository/com/google/j2objc/j2objc-annotations/1.1/j2objc-annotations-1.1.jar:/Users/noahbeverly/.m2/repository/org/codehaus/mojo/animal-sniffer-annotations/1.14/animal-sniffer-annotations-1.14.jar:/Users/noahbeverly/.m2/repository/io/dropwizard/metrics/metrics-core/4.1.0/metrics-core-4.1.0.jar:/Users/noahbeverly/.m2/repository/io/micrometer/micrometer-core/1.2.0/micrometer-core-1.2.0.jar:/Users/noahbeverly/.m2/repository/org/hdrhistogram/HdrHistogram/2.1.11/HdrHistogram-2.1.11.jar:/Users/noahbeverly/.m2/repository/org/latencyutils/LatencyUtils/2.0.3/LatencyUtils-2.0.3.jar:/Users/noahbeverly/.m2/repository/io/reactivex/rxjava2/rxjava/2.2.4/rxjava-2.2.4.jar:/Users/noahbeverly/.m2/repository/io/projectreactor/netty/reactor-netty/0.9.7.RELEASE/reactor-netty-0.9.7.RELEASE.jar:/Users/noahbeverly/.m2/repository/io/netty/netty-codec-http2/4.1.49.Final/netty-codec-http2-4.1.49.Final.jar:/Users/noahbeverly/.m2/repository/io/netty/netty-handler-proxy/4.1.49.Final/netty-handler-proxy-4.1.49.Final.jar:/Users/noahbeverly/.m2/repository/io/netty/netty-codec-socks/4.1.49.Final/netty-codec-socks-4.1.49.Final.jar:/Users/noahbeverly/.m2/repository/io/netty/netty-transport-native-epoll/4.1.49.Final/netty-transport-native-epoll-4.1.49.Final-linux-x86_64.jar:/Users/noahbeverly/.m2/repository/io/netty/netty-transport-native-unix-common/4.1.49.Final/netty-transport-native-unix-common-4.1.49.Final.jar:/Users/noahbeverly/.m2/repository/com/fasterxml/jackson/module/jackson-module-parameter-names/2.10.0/jackson-module-parameter-names-2.10.0.jar:/Users/noahbeverly/.m2/repository/com/fasterxml/jackson/core/jackson-core/2.10.0/jackson-core-2.10.0.jar:/Users/noahbeverly/.m2/repository/com/fasterxml/jackson/datatype/jackson-datatype-jdk8/2.10.0/jackson-datatype-jdk8-2.10.0.jar:/Users/noahbeverly/.m2/repository/com/fasterxml/jackson/datatype/jackson-datatype-jsr310/2.10.0/jackson-datatype-jsr310-2.10.0.jar:/Users/noahbeverly/.m2/repository/com/fasterxml/jackson/core/jackson-annotations/2.10.0/jackson-annotations-2.10.0.jar:/Users/noahbeverly/.m2/repository/org/json/json/20140107/json-20140107.jar:/Users/noahbeverly/.m2/repository/org/javatuples/javatuples/1.2/javatuples-1.2.jar:/Users/noahbeverly/.m2/repository/org/springframework/boot/spring-boot-starter-test/2.3.0.RELEASE/spring-boot-starter-test-2.3.0.RELEASE.jar:/Users/noahbeverly/.m2/repository/org/springframework/boot/spring-boot-test/2.3.0.RELEASE/spring-boot-test-2.3.0.RELEASE.jar:/Users/noahbeverly/.m2/repository/org/springframework/boot/spring-boot-test-autoconfigure/2.3.0.RELEASE/spring-boot-test-autoconfigure-2.3.0.RELEASE.jar:/Users/noahbeverly/.m2/repository/com/jayway/jsonpath/json-path/2.4.0/json-path-2.4.0.jar:/Users/noahbeverly/.m2/repository/net/minidev/json-smart/2.3/json-smart-2.3.jar:/Users/noahbeverly/.m2/repository/net/minidev/accessors-smart/1.2/accessors-smart-1.2.jar:/Users/noahbeverly/.m2/repository/org/ow2/asm/asm/5.0.4/asm-5.0.4.jar:/Users/noahbeverly/.m2/repository/jakarta/xml/bind/jakarta.xml.bind-api/2.3.3/jakarta.xml.bind-api-2.3.3.jar:/Users/noahbeverly/.m2/repository/jakarta/activation/jakarta.activation-api/1.2.2/jakarta.activation-api-1.2.2.jar:/Users/noahbeverly/.m2/repository/org/assertj/assertj-core/3.16.1/assertj-core-3.16.1.jar:/Users/noahbeverly/.m2/repository/org/hamcrest/hamcrest/2.2/hamcrest-2.2.jar:/Users/noahbeverly/.m2/repository/org/junit/jupiter/junit-jupiter/5.6.2/junit-jupiter-5.6.2.jar:/Users/noahbeverly/.m2/repository/org/junit/jupiter/junit-jupiter-api/5.6.2/junit-jupiter-api-5.6.2.jar:/Users/noahbeverly/.m2/repository/org/opentest4j/opentest4j/1.2.0/opentest4j-1.2.0.jar:/Users/noahbeverly/.m2/repository/org/junit/platform/junit-platform-commons/1.6.2/junit-platform-commons-1.6.2.jar:/Users/noahbeverly/.m2/repository/org/junit/jupiter/junit-jupiter-params/5.6.2/junit-jupiter-params-5.6.2.jar:/Users/noahbeverly/.m2/repository/org/junit/jupiter/junit-jupiter-engine/5.6.2/junit-jupiter-engine-5.6.2.jar:/Users/noahbeverly/.m2/repository/org/junit/vintage/junit-vintage-engine/5.6.2/junit-vintage-engine-5.6.2.jar:/Users/noahbeverly/.m2/repository/org/apiguardian/apiguardian-api/1.1.0/apiguardian-api-1.1.0.jar:/Users/noahbeverly/.m2/repository/org/junit/platform/junit-platform-engine/1.6.2/junit-platform-engine-1.6.2.jar:/Users/noahbeverly/.m2/repository/junit/junit/4.13/junit-4.13.jar:/Users/noahbeverly/.m2/repository/org/mockito/mockito-core/3.3.3/mockito-core-3.3.3.jar:/Users/noahbeverly/.m2/repository/net/bytebuddy/byte-buddy/1.10.5/byte-buddy-1.10.5.jar:/Users/noahbeverly/.m2/repository/net/bytebuddy/byte-buddy-agent/1.10.5/byte-buddy-agent-1.10.5.jar:/Users/noahbeverly/.m2/repository/org/objenesis/objenesis/2.6/objenesis-2.6.jar:/Users/noahbeverly/.m2/repository/org/mockito/mockito-junit-jupiter/3.3.3/mockito-junit-jupiter-3.3.3.jar:/Users/noahbeverly/.m2/repository/org/skyscreamer/jsonassert/1.5.0/jsonassert-1.5.0.jar:/Users/noahbeverly/.m2/repository/com/vaadin/external/google/android-json/0.0.20131108.vaadin1/android-json-0.0.20131108.vaadin1.jar:/Users/noahbeverly/.m2/repository/org/springframework/spring-test/5.2.6.RELEASE/spring-test-5.2.6.RELEASE.jar:/Users/noahbeverly/.m2/repository/org/xmlunit/xmlunit-core/2.7.0/xmlunit-core-2.7.0.jar:/Users/noahbeverly/.m2/repository/org/projectlombok/lombok/1.18.22/lombok-1.18.22.jar:"/>
    <property name="java.vm.vendor" value="Eclipse Adoptium"/>
    <property name="sun.arch.data.model" value="64"/>
    <property name="java.vendor.url" value="https://adoptium.net/"/>
    <property name="user.timezone" value="America/New_York"/>
    <property name="os.name" value="Mac OS X"/>
    <property name="java.vm.specification.version" value="17"/>
    <property name="sun.java.launcher" value="SUN_STANDARD"/>
    <property name="user.country" value="US"/>
    <property name="sun.boot.library.path" value="/Library/Java/JavaVirtualMachines/temurin-17.jdk/Contents/Home/lib"/>
    <property name="sun.java.command" value="/Users/noahbeverly/Documents/repos/orhp-crud-app/orhp-java/target/surefire/surefirebooter-20230509185955083_3.jar /Users/noahbeverly/Documents/repos/orhp-crud-app/orhp-java/target/surefire 2023-05-09T18-59-55_049-jvmRun1 surefire-20230509185955083_1tmp surefire_0-20230509185955083_2tmp"/>
    <property name="http.nonProxyHosts" value="local|*.local|169.254/16|*.169.254/16"/>
    <property name="jdk.debug" value="release"/>
    <property name="surefire.test.class.path" value="/Users/noahbeverly/Documents/repos/orhp-crud-app/orhp-java/target/test-classes:/Users/noahbeverly/Documents/repos/orhp-crud-app/orhp-java/target/classes:/Users/noahbeverly/.m2/repository/org/springframework/boot/spring-boot-starter-web/2.3.0.RELEASE/spring-boot-starter-web-2.3.0.RELEASE.jar:/Users/noahbeverly/.m2/repository/org/springframework/boot/spring-boot-starter/2.3.0.RELEASE/spring-boot-starter-2.3.0.RELEASE.jar:/Users/noahbeverly/.m2/repository/org/springframework/boot/spring-boot/2.3.0.RELEASE/spring-boot-2.3.0.RELEASE.jar:/Users/noahbeverly/.m2/repository/org/springframework/boot/spring-boot-autoconfigure/2.3.0.RELEASE/spring-boot-autoconfigure-2.3.0.RELEASE.jar:/Users/noahbeverly/.m2/repository/org/springframework/boot/spring-boot-starter-logging/2.3.0.RELEASE/spring-boot-starter-logging-2.3.0.RELEASE.jar:/Users/noahbeverly/.m2/repository/ch/qos/logback/logback-classic/1.2.3/logback-classic-1.2.3.jar:/Users/noahbeverly/.m2/repository/ch/qos/logback/logback-core/1.2.3/logback-core-1.2.3.jar:/Users/noahbeverly/.m2/repository/org/apache/logging/log4j/log4j-to-slf4j/2.13.2/log4j-to-slf4j-2.13.2.jar:/Users/noahbeverly/.m2/repository/org/apache/logging/log4j/log4j-api/2.13.2/log4j-api-2.13.2.jar:/Users/noahbeverly/.m2/repository/org/slf4j/jul-to-slf4j/1.7.30/jul-to-slf4j-1.7.30.jar:/Users/noahbeverly/.m2/repository/jakarta/annotation/jakarta.annotation-api/1.3.5/jakarta.annotation-api-1.3.5.jar:/Users/noahbeverly/.m2/repository/org/yaml/snakeyaml/1.26/snakeyaml-1.26.jar:/Users/noahbeverly/.m2/repository/org/springframework/boot/spring-boot-starter-json/2.3.0.RELEASE/spring-boot-starter-json-2.3.0.RELEASE.jar:/Users/noahbeverly/.m2/repository/com/fasterxml/jackson/core/jackson-databind/2.11.0/jackson-databind-2.11.0.jar:/Users/noahbeverly/.m2/repository/org/springframework/boot/spring-boot-starter-tomcat/2.3.0.RELEASE/spring-boot-starter-tomcat-2.3.0.RELEASE.jar:/Users/noahbeverly/.m2/repository/org/apache/tomcat/embed/tomcat-embed-core/9.0.35/tomcat-embed-core-9.0.35.jar:/Users/noahbeverly/.m2/repository/org/glassfish/jakarta.el/3.0.3/jakarta.el-3.0.3.jar:/Users/noahbeverly/.m2/repository/org/apache/tomcat/embed/tomcat-embed-websocket/9.0.35/tomcat-embed-websocket-9.0.35.jar:/Users/noahbeverly/.m2/repository/org/springframework/spring-web/5.2.6.RELEASE/spring-web-5.2.6.RELEASE.jar:/Users/noahbeverly/.m2/repository/org/springframework/spring-webmvc/5.2.6.RELEASE/spring-webmvc-5.2.6.RELEASE.jar:/Users/noahbeverly/.m2/repository/org/springframework/spring-aop/5.2.6.RELEASE/spring-aop-5.2.6.RELEASE.jar:/Users/noahbeverly/.m2/repository/com/microsoft/azure/spring-data-cosmosdb/2.3.0/spring-data-cosmosdb-2.3.0.jar:/Users/noahbeverly/.m2/repository/org/springframework/spring-core/5.2.6.RELEASE/spring-core-5.2.6.RELEASE.jar:/Users/noahbeverly/.m2/repository/org/springframework/spring-jcl/5.2.6.RELEASE/spring-jcl-5.2.6.RELEASE.jar:/Users/noahbeverly/.m2/repository/org/springframework/spring-beans/5.2.6.RELEASE/spring-beans-5.2.6.RELEASE.jar:/Users/noahbeverly/.m2/repository/org/springframework/spring-context/5.2.6.RELEASE/spring-context-5.2.6.RELEASE.jar:/Users/noahbeverly/.m2/repository/org/springframework/spring-tx/5.2.6.RELEASE/spring-tx-5.2.6.RELEASE.jar:/Users/noahbeverly/.m2/repository/org/springframework/data/spring-data-commons/2.3.0.RELEASE/spring-data-commons-2.3.0.RELEASE.jar:/Users/noahbeverly/.m2/repository/org/slf4j/slf4j-api/1.7.26/slf4j-api-1.7.26.jar:/Users/noahbeverly/.m2/repository/org/springframework/spring-expression/5.2.6.RELEASE/spring-expression-5.2.6.RELEASE.jar:/Users/noahbeverly/.m2/repository/com/microsoft/azure/azure-cosmos/3.7.3/azure-cosmos-3.7.3.jar:/Users/noahbeverly/.m2/repository/com/fasterxml/uuid/java-uuid-generator/3.2.0/java-uuid-generator-3.2.0.jar:/Users/noahbeverly/.m2/repository/commons-io/commons-io/2.5/commons-io-2.5.jar:/Users/noahbeverly/.m2/repository/commons-validator/commons-validator/1.6/commons-validator-1.6.jar:/Users/noahbeverly/.m2/repository/commons-digester/commons-digester/1.8.1/commons-digester-1.8.1.jar:/Users/noahbeverly/.m2/repository/commons-logging/commons-logging/1.2/commons-logging-1.2.jar:/Users/noahbeverly/.m2/repository/commons-collections/commons-collections/3.2.2/commons-collections-3.2.2.jar:/Users/noahbeverly/.m2/repository/io/projectreactor/reactor-core/3.3.5.RELEASE/reactor-core-3.3.5.RELEASE.jar:/Users/noahbeverly/.m2/repository/org/reactivestreams/reactive-streams/1.0.3/reactive-streams-1.0.3.jar:/Users/noahbeverly/.m2/repository/io/netty/netty-codec-http/4.1.50.Final/netty-codec-http-4.1.50.Final.jar:/Users/noahbeverly/.m2/repository/io/netty/netty-common/4.1.50.Final/netty-common-4.1.50.Final.jar:/Users/noahbeverly/.m2/repository/io/netty/netty-buffer/4.1.50.Final/netty-buffer-4.1.50.Final.jar:/Users/noahbeverly/.m2/repository/io/netty/netty-transport/4.1.50.Final/netty-transport-4.1.50.Final.jar:/Users/noahbeverly/.m2/repository/io/netty/netty-codec/4.1.50.Final/netty-codec-4.1.50.Final.jar:/Users/noahbeverly/.m2/repository/io/netty/netty-handler/4.1.50.Final/netty-handler-4.1.50.Final.jar:/Users/noahbeverly/.m2/repository/io/netty/netty-resolver/4.1.50.Final/netty-resolver-4.1.50.Final.jar:/Users/noahbeverly/.m2/repository/org/apache/commons/commons-lang3/3.8.1/commons-lang3-3.8.1.jar:/Users/noahbeverly/.m2/repository/org/apache/commons/commons-collections4/4.2/commons-collections4-4.2.jar:/Users/noahbeverly/.m2/repository/org/apache/commons/commons-text/1.6/commons-text-1.6.jar:/Users/noahbeverly/.m2/repository/com/google/guava/guava/25.0-jre/guava-25.0-jre.jar:/Users/noahbeverly/.m2/repository/com/google/code/findbugs/jsr305/1.3.9/jsr305-1.3.9.jar:/Users/noahbeverly/.m2/repository/org/checkerframework/checker-compat-qual/2.0.0/checker-compat-qual-2.0.0.jar:/Users/noahbeverly/.m2/repository/com/google/errorprone/error_prone_annotations/2.1.3/error_prone_annotations-2.1.3.jar:/Users/noahbeverly/.m2/repository/com/google/j2objc/j2objc-annotations/1.1/j2objc-annotations-1.1.jar:/Users/noahbeverly/.m2/repository/org/codehaus/mojo/animal-sniffer-annotations/1.14/animal-sniffer-annotations-1.14.jar:/Users/noahbeverly/.m2/repository/io/dropwizard/metrics/metrics-core/4.1.0/metrics-core-4.1.0.jar:/Users/noahbeverly/.m2/repository/io/micrometer/micrometer-core/1.2.0/micrometer-core-1.2.0.jar:/Users/noahbeverly/.m2/repository/org/hdrhistogram/HdrHistogram/2.1.11/HdrHistogram-2.1.11.jar:/Users/noahbeverly/.m2/repository/org/latencyutils/LatencyUtils/2.0.3/LatencyUtils-2.0.3.jar:/Users/noahbeverly/.m2/repository/io/reactivex/rxjava2/rxjava/2.2.4/rxjava-2.2.4.jar:/Users/noahbeverly/.m2/repository/io/projectreactor/netty/reactor-netty/0.9.7.RELEASE/reactor-netty-0.9.7.RELEASE.jar:/Users/noahbeverly/.m2/repository/io/netty/netty-codec-http2/4.1.49.Final/netty-codec-http2-4.1.49.Final.jar:/Users/noahbeverly/.m2/repository/io/netty/netty-handler-proxy/4.1.49.Final/netty-handler-proxy-4.1.49.Final.jar:/Users/noahbeverly/.m2/repository/io/netty/netty-codec-socks/4.1.49.Final/netty-codec-socks-4.1.49.Final.jar:/Users/noahbeverly/.m2/repository/io/netty/netty-transport-native-epoll/4.1.49.Final/netty-transport-native-epoll-4.1.49.Final-linux-x86_64.jar:/Users/noahbeverly/.m2/repository/io/netty/netty-transport-native-unix-common/4.1.49.Final/netty-transport-native-unix-common-4.1.49.Final.jar:/Users/noahbeverly/.m2/repository/com/fasterxml/jackson/module/jackson-module-parameter-names/2.10.0/jackson-module-parameter-names-2.10.0.jar:/Users/noahbeverly/.m2/repository/com/fasterxml/jackson/core/jackson-core/2.10.0/jackson-core-2.10.0.jar:/Users/noahbeverly/.m2/repository/com/fasterxml/jackson/datatype/jackson-datatype-jdk8/2.10.0/jackson-datatype-jdk8-2.10.0.jar:/Users/noahbeverly/.m2/repository/com/fasterxml/jackson/datatype/jackson-datatype-jsr310/2.10.0/jackson-datatype-jsr310-2.10.0.jar:/Users/noahbeverly/.m2/repository/com/fasterxml/jackson/core/jackson-annotations/2.10.0/jackson-annotations-2.10.0.jar:/Users/noahbeverly/.m2/repository/org/json/json/20140107/json-20140107.jar:/Users/noahbeverly/.m2/repository/org/javatuples/javatuples/1.2/javatuples-1.2.jar:/Users/noahbeverly/.m2/repository/org/springframework/boot/spring-boot-starter-test/2.3.0.RELEASE/spring-boot-starter-test-2.3.0.RELEASE.jar:/Users/noahbeverly/.m2/repository/org/springframework/boot/spring-boot-test/2.3.0.RELEASE/spring-boot-test-2.3.0.RELEASE.jar:/Users/noahbeverly/.m2/repository/org/springframework/boot/spring-boot-test-autoconfigure/2.3.0.RELEASE/spring-boot-test-autoconfigure-2.3.0.RELEASE.jar:/Users/noahbeverly/.m2/repository/com/jayway/jsonpath/json-path/2.4.0/json-path-2.4.0.jar:/Users/noahbeverly/.m2/repository/net/minidev/json-smart/2.3/json-smart-2.3.jar:/Users/noahbeverly/.m2/repository/net/minidev/accessors-smart/1.2/accessors-smart-1.2.jar:/Users/noahbeverly/.m2/repository/org/ow2/asm/asm/5.0.4/asm-5.0.4.jar:/Users/noahbeverly/.m2/repository/jakarta/xml/bind/jakarta.xml.bind-api/2.3.3/jakarta.xml.bind-api-2.3.3.jar:/Users/noahbeverly/.m2/repository/jakarta/activation/jakarta.activation-api/1.2.2/jakarta.activation-api-1.2.2.jar:/Users/noahbeverly/.m2/repository/org/assertj/assertj-core/3.16.1/assertj-core-3.16.1.jar:/Users/noahbeverly/.m2/repository/org/hamcrest/hamcrest/2.2/hamcrest-2.2.jar:/Users/noahbeverly/.m2/repository/org/junit/jupiter/junit-jupiter/5.6.2/junit-jupiter-5.6.2.jar:/Users/noahbeverly/.m2/repository/org/junit/jupiter/junit-jupiter-api/5.6.2/junit-jupiter-api-5.6.2.jar:/Users/noahbeverly/.m2/repository/org/opentest4j/opentest4j/1.2.0/opentest4j-1.2.0.jar:/Users/noahbeverly/.m2/repository/org/junit/platform/junit-platform-commons/1.6.2/junit-platform-commons-1.6.2.jar:/Users/noahbeverly/.m2/repository/org/junit/jupiter/junit-jupiter-params/5.6.2/junit-jupiter-params-5.6.2.jar:/Users/noahbeverly/.m2/repository/org/junit/jupiter/junit-jupiter-engine/5.6.2/junit-jupiter-engine-5.6.2.jar:/Users/noahbeverly/.m2/repository/org/junit/vintage/junit-vintage-engine/5.6.2/junit-vintage-engine-5.6.2.jar:/Users/noahbeverly/.m2/repository/org/apiguardian/apiguardian-api/1.1.0/apiguardian-api-1.1.0.jar:/Users/noahbeverly/.m2/repository/org/junit/platform/junit-platform-engine/1.6.2/junit-platform-engine-1.6.2.jar:/Users/noahbeverly/.m2/repository/junit/junit/4.13/junit-4.13.jar:/Users/noahbeverly/.m2/repository/org/mockito/mockito-core/3.3.3/mockito-core-3.3.3.jar:/Users/noahbeverly/.m2/repository/net/bytebuddy/byte-buddy/1.10.5/byte-buddy-1.10.5.jar:/Users/noahbeverly/.m2/repository/net/bytebuddy/byte-buddy-agent/1.10.5/byte-buddy-agent-1.10.5.jar:/Users/noahbeverly/.m2/repository/org/objenesis/objenesis/2.6/objenesis-2.6.jar:/Users/noahbeverly/.m2/repository/org/mockito/mockito-junit-jupiter/3.3.3/mockito-junit-jupiter-3.3.3.jar:/Users/noahbeverly/.m2/repository/org/skyscreamer/jsonassert/1.5.0/jsonassert-1.5.0.jar:/Users/noahbeverly/.m2/repository/com/vaadin/external/google/android-json/0.0.20131108.vaadin1/android-json-0.0.20131108.vaadin1.jar:/Users/noahbeverly/.m2/repository/org/springframework/spring-test/5.2.6.RELEASE/spring-test-5.2.6.RELEASE.jar:/Users/noahbeverly/.m2/repository/org/xmlunit/xmlunit-core/2.7.0/xmlunit-core-2.7.0.jar:/Users/noahbeverly/.m2/repository/org/projectlombok/lombok/1.18.22/lombok-1.18.22.jar:"/>
    <property name="sun.cpu.endian" value="little"/>
    <property name="user.home" value="/Users/noahbeverly"/>
    <property name="user.language" value="en"/>
    <property name="java.specification.vendor" value="Oracle Corporation"/>
    <property name="java.version.date" value="2023-04-18"/>
    <property name="java.home" value="/Library/Java/JavaVirtualMachines/temurin-17.jdk/Contents/Home"/>
    <property name="file.separator" value="/"/>
    <property name="basedir" value="/Users/noahbeverly/Documents/repos/orhp-crud-app/orhp-java"/>
    <property name="java.vm.compressedOopsMode" value="Zero based"/>
    <property name="line.separator" value="&#10;"/>
    <property name="java.vm.specification.vendor" value="Oracle Corporation"/>
    <property name="java.specification.name" value="Java Platform API Specification"/>
    <property name="java.awt.headless" value="true"/>
    <property name="surefire.real.class.path" value="/Users/noahbeverly/Documents/repos/orhp-crud-app/orhp-java/target/surefire/surefirebooter-20230509185955083_3.jar"/>
    <property name="sun.management.compiler" value="HotSpot 64-Bit Tiered Compilers"/>
    <property name="ftp.nonProxyHosts" value="local|*.local|169.254/16|*.169.254/16"/>
    <property name="java.runtime.version" value="17.0.7+7"/>
    <property name="user.name" value="noahbeverly"/>
    <property name="path.separator" value=":"/>
    <property name="os.version" value="13.3.1"/>
    <property name="java.runtime.name" value="OpenJDK Runtime Environment"/>
    <property name="file.encoding" value="UTF-8"/>
    <property name="spring.beaninfo.ignore" value="true"/>
    <property name="sun.nio.ch.bugLevel" value=""/>
    <property name="java.vm.name" value="OpenJDK 64-Bit Server VM"/>
    <property name="java.vendor.version" value="Temurin-17.0.7+7"/>
    <property name="localRepository" value="/Users/noahbeverly/.m2/repository"/>
    <property name="java.vendor.url.bug" value="https://github.com/adoptium/adoptium-support/issues"/>
    <property name="java.io.tmpdir" value="/var/folders/pw/fbtnpwb92vngmhp_9fpxctth0000gn/T/"/>
    <property name="java.version" value="17.0.7"/>
    <property name="user.dir" value="/Users/noahbeverly/Documents/repos/orhp-crud-app/orhp-java"/>
    <property name="os.arch" value="aarch64"/>
    <property name="java.vm.specification.name" value="Java Virtual Machine Specification"/>
    <property name="PID" value="16618"/>
    <property name="native.encoding" value="UTF-8"/>
    <property name="java.library.path" value="/Users/noahbeverly/Library/Java/Extensions:/Library/Java/Extensions:/Network/Library/Java/Extensions:/System/Library/Java/Extensions:/usr/lib/java:."/>
    <property name="java.vm.info" value="mixed mode"/>
    <property name="java.vendor" value="Eclipse Adoptium"/>
    <property name="java.vm.version" value="17.0.7+7"/>
    <property name="sun.io.unicode.encoding" value="UnicodeBig"/>
    <property name="socksNonProxyHosts" value="local|*.local|169.254/16|*.169.254/16"/>
    <property name="java.class.version" value="61.0"/>
  </properties>
  <testcase name="givenProductIsCreated_whenCallFindById_thenProductIsFound" classname="cosmosdb.AzureCosmosDbApplicationManualTest" time="0.363">
    <error message="Retrieved Product is Null" type="java.lang.IllegalArgumentException"><![CDATA[java.lang.IllegalArgumentException: Retrieved Product is Null
	at org.springframework.util.Assert.notNull(Assert.java:198)
	at cosmosdb.AzureCosmosDbApplicationManualTest.givenProductIsCreated_whenCallFindById_thenProductIsFound(AzureCosmosDbApplicationManualTest.java:23)
	at java.base/jdk.internal.reflect.NativeMethodAccessorImpl.invoke0(Native Method)
	at java.base/jdk.internal.reflect.NativeMethodAccessorImpl.invoke(NativeMethodAccessorImpl.java:77)
	at java.base/jdk.internal.reflect.DelegatingMethodAccessorImpl.invoke(DelegatingMethodAccessorImpl.java:43)
	at java.base/java.lang.reflect.Method.invoke(Method.java:568)
	at org.junit.platform.commons.util.ReflectionUtils.invokeMethod(ReflectionUtils.java:686)
	at org.junit.jupiter.engine.execution.MethodInvocation.proceed(MethodInvocation.java:60)
	at org.junit.jupiter.engine.execution.InvocationInterceptorChain$ValidatingInvocation.proceed(InvocationInterceptorChain.java:131)
	at org.junit.jupiter.engine.extension.TimeoutExtension.intercept(TimeoutExtension.java:149)
	at org.junit.jupiter.engine.extension.TimeoutExtension.interceptTestableMethod(TimeoutExtension.java:140)
	at org.junit.jupiter.engine.extension.TimeoutExtension.interceptTestMethod(TimeoutExtension.java:84)
	at org.junit.jupiter.engine.execution.ExecutableInvoker$ReflectiveInterceptorCall.lambda$ofVoidMethod$0(ExecutableInvoker.java:115)
	at org.junit.jupiter.engine.execution.ExecutableInvoker.lambda$invoke$0(ExecutableInvoker.java:105)
	at org.junit.jupiter.engine.execution.InvocationInterceptorChain$InterceptedInvocation.proceed(InvocationInterceptorChain.java:106)
	at org.junit.jupiter.engine.execution.InvocationInterceptorChain.proceed(InvocationInterceptorChain.java:64)
	at org.junit.jupiter.engine.execution.InvocationInterceptorChain.chainAndInvoke(InvocationInterceptorChain.java:45)
	at org.junit.jupiter.engine.execution.InvocationInterceptorChain.invoke(InvocationInterceptorChain.java:37)
	at org.junit.jupiter.engine.execution.ExecutableInvoker.invoke(ExecutableInvoker.java:104)
	at org.junit.jupiter.engine.execution.ExecutableInvoker.invoke(ExecutableInvoker.java:98)
	at org.junit.jupiter.engine.descriptor.TestMethodTestDescriptor.lambda$invokeTestMethod$6(TestMethodTestDescriptor.java:212)
	at org.junit.platform.engine.support.hierarchical.ThrowableCollector.execute(ThrowableCollector.java:73)
	at org.junit.jupiter.engine.descriptor.TestMethodTestDescriptor.invokeTestMethod(TestMethodTestDescriptor.java:208)
	at org.junit.jupiter.engine.descriptor.TestMethodTestDescriptor.execute(TestMethodTestDescriptor.java:137)
	at org.junit.jupiter.engine.descriptor.TestMethodTestDescriptor.execute(TestMethodTestDescriptor.java:71)
	at org.junit.platform.engine.support.hierarchical.NodeTestTask.lambda$executeRecursively$5(NodeTestTask.java:135)
	at org.junit.platform.engine.support.hierarchical.ThrowableCollector.execute(ThrowableCollector.java:73)
	at org.junit.platform.engine.support.hierarchical.NodeTestTask.lambda$executeRecursively$7(NodeTestTask.java:125)
	at org.junit.platform.engine.support.hierarchical.Node.around(Node.java:135)
	at org.junit.platform.engine.support.hierarchical.NodeTestTask.lambda$executeRecursively$8(NodeTestTask.java:123)
	at org.junit.platform.engine.support.hierarchical.ThrowableCollector.execute(ThrowableCollector.java:73)
	at org.junit.platform.engine.support.hierarchical.NodeTestTask.executeRecursively(NodeTestTask.java:122)
	at org.junit.platform.engine.support.hierarchical.NodeTestTask.execute(NodeTestTask.java:80)
	at java.base/java.util.ArrayList.forEach(ArrayList.java:1511)
	at org.junit.platform.engine.support.hierarchical.SameThreadHierarchicalTestExecutorService.invokeAll(SameThreadHierarchicalTestExecutorService.java:38)
	at org.junit.platform.engine.support.hierarchical.NodeTestTask.lambda$executeRecursively$5(NodeTestTask.java:139)
	at org.junit.platform.engine.support.hierarchical.ThrowableCollector.execute(ThrowableCollector.java:73)
	at org.junit.platform.engine.support.hierarchical.NodeTestTask.lambda$executeRecursively$7(NodeTestTask.java:125)
	at org.junit.platform.engine.support.hierarchical.Node.around(Node.java:135)
	at org.junit.platform.engine.support.hierarchical.NodeTestTask.lambda$executeRecursively$8(NodeTestTask.java:123)
	at org.junit.platform.engine.support.hierarchical.ThrowableCollector.execute(ThrowableCollector.java:73)
	at org.junit.platform.engine.support.hierarchical.NodeTestTask.executeRecursively(NodeTestTask.java:122)
	at org.junit.platform.engine.support.hierarchical.NodeTestTask.execute(NodeTestTask.java:80)
	at java.base/java.util.ArrayList.forEach(ArrayList.java:1511)
	at org.junit.platform.engine.support.hierarchical.SameThreadHierarchicalTestExecutorService.invokeAll(SameThreadHierarchicalTestExecutorService.java:38)
	at org.junit.platform.engine.support.hierarchical.NodeTestTask.lambda$executeRecursively$5(NodeTestTask.java:139)
	at org.junit.platform.engine.support.hierarchical.ThrowableCollector.execute(ThrowableCollector.java:73)
	at org.junit.platform.engine.support.hierarchical.NodeTestTask.lambda$executeRecursively$7(NodeTestTask.java:125)
	at org.junit.platform.engine.support.hierarchical.Node.around(Node.java:135)
	at org.junit.platform.engine.support.hierarchical.NodeTestTask.lambda$executeRecursively$8(NodeTestTask.java:123)
	at org.junit.platform.engine.support.hierarchical.ThrowableCollector.execute(ThrowableCollector.java:73)
	at org.junit.platform.engine.support.hierarchical.NodeTestTask.executeRecursively(NodeTestTask.java:122)
	at org.junit.platform.engine.support.hierarchical.NodeTestTask.execute(NodeTestTask.java:80)
	at org.junit.platform.engine.support.hierarchical.SameThreadHierarchicalTestExecutorService.submit(SameThreadHierarchicalTestExecutorService.java:32)
	at org.junit.platform.engine.support.hierarchical.HierarchicalTestExecutor.execute(HierarchicalTestExecutor.java:57)
	at org.junit.platform.engine.support.hierarchical.HierarchicalTestEngine.execute(HierarchicalTestEngine.java:51)
	at org.junit.platform.launcher.core.DefaultLauncher.execute(DefaultLauncher.java:248)
	at org.junit.platform.launcher.core.DefaultLauncher.lambda$execute$5(DefaultLauncher.java:211)
	at org.junit.platform.launcher.core.DefaultLauncher.withInterceptedStreams(DefaultLauncher.java:226)
	at org.junit.platform.launcher.core.DefaultLauncher.execute(DefaultLauncher.java:199)
	at org.junit.platform.launcher.core.DefaultLauncher.execute(DefaultLauncher.java:132)
	at org.apache.maven.surefire.junitplatform.LazyLauncher.execute(LazyLauncher.java:50)
	at org.apache.maven.surefire.junitplatform.JUnitPlatformProvider.execute(JUnitPlatformProvider.java:184)
	at org.apache.maven.surefire.junitplatform.JUnitPlatformProvider.invokeAllTests(JUnitPlatformProvider.java:148)
	at org.apache.maven.surefire.junitplatform.JUnitPlatformProvider.invoke(JUnitPlatformProvider.java:122)
	at org.apache.maven.surefire.booter.ForkedBooter.runSuitesInProcess(ForkedBooter.java:385)
	at org.apache.maven.surefire.booter.ForkedBooter.execute(ForkedBooter.java:162)
	at org.apache.maven.surefire.booter.ForkedBooter.run(ForkedBooter.java:507)
	at org.apache.maven.surefire.booter.ForkedBooter.main(ForkedBooter.java:495)
]]></error>
    <system-out><![CDATA[18:59:55.397 [main] DEBUG org.springframework.test.context.BootstrapUtils - Instantiating CacheAwareContextLoaderDelegate from class [org.springframework.test.context.cache.DefaultCacheAwareContextLoaderDelegate]
18:59:55.402 [main] DEBUG org.springframework.test.context.BootstrapUtils - Instantiating BootstrapContext using constructor [public org.springframework.test.context.support.DefaultBootstrapContext(java.lang.Class,org.springframework.test.context.CacheAwareContextLoaderDelegate)]
18:59:55.411 [main] DEBUG org.springframework.test.context.BootstrapUtils - Instantiating TestContextBootstrapper for test class [cosmosdb.AzureCosmosDbApplicationManualTest] from class [org.springframework.boot.test.context.SpringBootTestContextBootstrapper]
18:59:55.417 [main] INFO org.springframework.boot.test.context.SpringBootTestContextBootstrapper - Neither @ContextConfiguration nor @ContextHierarchy found for test class [cosmosdb.AzureCosmosDbApplicationManualTest], using SpringBootContextLoader
18:59:55.418 [main] DEBUG org.springframework.test.context.support.AbstractContextLoader - Did not detect default resource location for test class [cosmosdb.AzureCosmosDbApplicationManualTest]: class path resource [cosmosdb/AzureCosmosDbApplicationManualTest-context.xml] does not exist
18:59:55.418 [main] DEBUG org.springframework.test.context.support.AbstractContextLoader - Did not detect default resource location for test class [cosmosdb.AzureCosmosDbApplicationManualTest]: class path resource [cosmosdb/AzureCosmosDbApplicationManualTestContext.groovy] does not exist
18:59:55.418 [main] INFO org.springframework.test.context.support.AbstractContextLoader - Could not detect default resource locations for test class [cosmosdb.AzureCosmosDbApplicationManualTest]: no resource found for suffixes {-context.xml, Context.groovy}.
18:59:55.418 [main] INFO org.springframework.test.context.support.AnnotationConfigContextLoaderUtils - Could not detect default configuration classes for test class [cosmosdb.AzureCosmosDbApplicationManualTest]: AzureCosmosDbApplicationManualTest does not declare any static, non-private, non-final, nested classes annotated with @Configuration.
18:59:55.433 [main] DEBUG org.springframework.test.context.support.ActiveProfilesUtils - Could not find an 'annotation declaring class' for annotation type [org.springframework.test.context.ActiveProfiles] and class [cosmosdb.AzureCosmosDbApplicationManualTest]
18:59:55.456 [main] DEBUG org.springframework.context.annotation.ClassPathScanningCandidateComponentProvider - Identified candidate component class: file [/Users/noahbeverly/Documents/repos/orhp-crud-app/orhp-java/target/classes/cosmosdb/AzureCosmosDbApplication.class]
18:59:55.457 [main] INFO org.springframework.boot.test.context.SpringBootTestContextBootstrapper - Found @SpringBootConfiguration cosmosdb.AzureCosmosDbApplication for test class cosmosdb.AzureCosmosDbApplicationManualTest
18:59:55.484 [main] DEBUG org.springframework.boot.test.context.SpringBootTestContextBootstrapper - @TestExecutionListeners is not present for class [cosmosdb.AzureCosmosDbApplicationManualTest]: using defaults.
18:59:55.484 [main] INFO org.springframework.boot.test.context.SpringBootTestContextBootstrapper - Loaded default TestExecutionListener class names from location [META-INF/spring.factories]: [org.springframework.boot.test.mock.mockito.MockitoTestExecutionListener, org.springframework.boot.test.mock.mockito.ResetMocksTestExecutionListener, org.springframework.boot.test.autoconfigure.restdocs.RestDocsTestExecutionListener, org.springframework.boot.test.autoconfigure.web.client.MockRestServiceServerResetTestExecutionListener, org.springframework.boot.test.autoconfigure.web.servlet.MockMvcPrintOnlyOnFailureTestExecutionListener, org.springframework.boot.test.autoconfigure.web.servlet.WebDriverTestExecutionListener, org.springframework.boot.test.autoconfigure.webservices.client.MockWebServiceServerTestExecutionListener, org.springframework.test.context.web.ServletTestExecutionListener, org.springframework.test.context.support.DirtiesContextBeforeModesTestExecutionListener, org.springframework.test.context.support.DependencyInjectionTestExecutionListener, org.springframework.test.context.support.DirtiesContextTestExecutionListener, org.springframework.test.context.transaction.TransactionalTestExecutionListener, org.springframework.test.context.jdbc.SqlScriptsTestExecutionListener, org.springframework.test.context.event.EventPublishingTestExecutionListener]
18:59:55.489 [main] INFO org.springframework.boot.test.context.SpringBootTestContextBootstrapper - Using TestExecutionListeners: [org.springframework.test.context.web.ServletTestExecutionListener@18f20260, org.springframework.test.context.support.DirtiesContextBeforeModesTestExecutionListener@4ae33a11, org.springframework.boot.test.mock.mockito.MockitoTestExecutionListener@7a48e6e2, org.springframework.boot.test.autoconfigure.SpringBootDependencyInjectionTestExecutionListener@b40bb6e, org.springframework.test.context.support.DirtiesContextTestExecutionListener@3a94964, org.springframework.test.context.transaction.TransactionalTestExecutionListener@5049d8b2, org.springframework.test.context.jdbc.SqlScriptsTestExecutionListener@6d0b5baf, org.springframework.test.context.event.EventPublishingTestExecutionListener@631e06ab, org.springframework.boot.test.mock.mockito.ResetMocksTestExecutionListener@2a3591c5, org.springframework.boot.test.autoconfigure.restdocs.RestDocsTestExecutionListener@34a75079, org.springframework.boot.test.autoconfigure.web.client.MockRestServiceServerResetTestExecutionListener@346a361, org.springframework.boot.test.autoconfigure.web.servlet.MockMvcPrintOnlyOnFailureTestExecutionListener@107ed6fc, org.springframework.boot.test.autoconfigure.web.servlet.WebDriverTestExecutionListener@1643d68f, org.springframework.boot.test.autoconfigure.webservices.client.MockWebServiceServerTestExecutionListener@186978a6]
18:59:55.490 [main] DEBUG org.springframework.test.context.support.AbstractDirtiesContextTestExecutionListener - Before test class: context [DefaultTestContext@64beebb7 testClass = AzureCosmosDbApplicationManualTest, testInstance = [null], testMethod = [null], testException = [null], mergedContextConfiguration = [WebMergedContextConfiguration@7813cb11 testClass = AzureCosmosDbApplicationManualTest, locations = '{}', classes = '{class cosmosdb.AzureCosmosDbApplication}', contextInitializerClasses = '[]', activeProfiles = '{}', propertySourceLocations = '{}', propertySourceProperties = '{org.springframework.boot.test.context.SpringBootTestContextBootstrapper=true}', contextCustomizers = set[org.springframework.boot.test.context.filter.ExcludeFilterContextCustomizer@4ed5eb72, org.springframework.boot.test.json.DuplicateJsonObjectContextCustomizerFactory$DuplicateJsonObjectContextCustomizer@7e6ef134, org.springframework.boot.test.mock.mockito.MockitoContextCustomizer@0, org.springframework.boot.test.web.client.TestRestTemplateContextCustomizer@34f22f9d, org.springframework.boot.test.autoconfigure.properties.PropertyMappingContextCustomizer@0, org.springframework.boot.test.autoconfigure.web.servlet.WebDriverContextCustomizerFactory$Customizer@dbd8e44, org.springframework.boot.test.context.SpringBootTestArgs@1], resourceBasePath = 'src/main/webapp', contextLoader = 'org.springframework.boot.test.context.SpringBootContextLoader', parent = [null]], attributes = map['org.springframework.test.context.web.ServletTestExecutionListener.activateListener' -> true]], class annotated with @DirtiesContext [false] with mode [null].
18:59:55.500 [main] DEBUG org.springframework.test.context.support.TestPropertySourceUtils - Adding inlined properties to environment: {spring.jmx.enabled=false, org.springframework.boot.test.context.SpringBootTestContextBootstrapper=true}

  .   ____          _            __ _ _
 /\\ / ___'_ __ _ _(_)_ __  __ _ \ \ \ \
( ( )\___ | '_ | '_| | '_ \/ _` | \ \ \ \
 \\/  ___)| |_)| | | | | || (_| |  ) ) ) )
  '  |____| .__|_| |_|_| |_\__, | / / / /
 =========|_|==============|___/=/_/_/_/
 :: Spring Boot ::        (v2.3.0.RELEASE)

2023-05-09 18:59:55.579  WARN 16618 --- [           main] ory$DuplicateJsonObjectContextCustomizer : 

Found multiple occurrences of org.json.JSONObject on the class path:

	jar:file:/Users/noahbeverly/.m2/repository/org/json/json/20140107/json-20140107.jar!/org/json/JSONObject.class
	jar:file:/Users/noahbeverly/.m2/repository/com/vaadin/external/google/android-json/0.0.20131108.vaadin1/android-json-0.0.20131108.vaadin1.jar!/org/json/JSONObject.class

You may wish to exclude one of them to ensure predictable runtime behavior

2023-05-09 18:59:55.583  INFO 16618 --- [           main] c.AzureCosmosDbApplicationManualTest     : Starting AzureCosmosDbApplicationManualTest on nbev-MBP-931.lan with PID 16618 (started by noahbeverly in /Users/noahbeverly/Documents/repos/orhp-crud-app/orhp-java)
2023-05-09 18:59:55.584  INFO 16618 --- [           main] c.AzureCosmosDbApplicationManualTest     : No active profile set, falling back to default profiles: default
2023-05-09 18:59:55.730  INFO 16618 --- [           main] .s.d.r.c.RepositoryConfigurationDelegate : Bootstrapping Spring Data cosmosdb repositories in DEFAULT mode.
2023-05-09 18:59:55.817  INFO 16618 --- [           main] .s.d.r.c.RepositoryConfigurationDelegate : Finished Spring Data repository scanning in 85ms. Found 1 cosmosdb repository interfaces.
2023-05-09 18:59:56.078  INFO 16618 --- [           main] c.a.d.c.internal.RxDocumentClientImpl    : Initializing DocumentClient with serviceEndpoint [https://nbev-cosmos.documents.azure.com:443], connectionPolicy [ConnectionPolicy{requestTimeoutInMillis=60000, mediaRequestTimeoutInMillis=300000, connectionMode=DIRECT, maxPoolSize=1000, idleConnectionTimeoutInMillis=60000, userAgentSuffix=';spring-data/2.3.0;', retryOptions=RetryOptions{maxRetryAttemptsOnThrottledRequests=9, maxRetryWaitTimeInSeconds=30}, enableEndpointDiscovery=true, preferredLocations=null, usingMultipleWriteLocations=false, inetSocketProxyAddress=null}], consistencyLevel [Session], directModeProtocol [Tcp]
2023-05-09 18:59:56.123  INFO 16618 --- [     parallel-1] c.a.d.c.internal.RxDocumentClientImpl    : Getting database account endpoint from https://nbev-cosmos.documents.azure.com:443
2023-05-09 19:00:08.258  INFO 16618 --- [           main] c.a.d.c.internal.RxDocumentClientImpl    : Initializing DocumentClient with serviceEndpoint [https://nbev-cosmos.documents.azure.com:443], connectionPolicy [ConnectionPolicy{requestTimeoutInMillis=60000, mediaRequestTimeoutInMillis=300000, connectionMode=DIRECT, maxPoolSize=1000, idleConnectionTimeoutInMillis=60000, userAgentSuffix=';spring-data/2.3.0;;spring-data/2.3.0;', retryOptions=RetryOptions{maxRetryAttemptsOnThrottledRequests=9, maxRetryWaitTimeInSeconds=30}, enableEndpointDiscovery=true, preferredLocations=null, usingMultipleWriteLocations=false, inetSocketProxyAddress=null}], consistencyLevel [Session], directModeProtocol [Tcp]
2023-05-09 19:00:08.259  INFO 16618 --- [     parallel-2] c.a.d.c.internal.RxDocumentClientImpl    : Getting database account endpoint from https://nbev-cosmos.documents.azure.com:443
2023-05-09 19:00:08.382  INFO 16618 --- [           main] c.a.d.c.internal.RxDocumentClientImpl    : Initializing DocumentClient with serviceEndpoint [https://nbev-cosmos.documents.azure.com:443], connectionPolicy [ConnectionPolicy{requestTimeoutInMillis=60000, mediaRequestTimeoutInMillis=300000, connectionMode=DIRECT, maxPoolSize=1000, idleConnectionTimeoutInMillis=60000, userAgentSuffix=';spring-data/2.3.0;;spring-data/2.3.0;;spring-data/2.3.0;', retryOptions=RetryOptions{maxRetryAttemptsOnThrottledRequests=9, maxRetryWaitTimeInSeconds=30}, enableEndpointDiscovery=true, preferredLocations=null, usingMultipleWriteLocations=false, inetSocketProxyAddress=null}], consistencyLevel [Session], directModeProtocol [Tcp]
2023-05-09 19:00:08.383  INFO 16618 --- [     parallel-3] c.a.d.c.internal.RxDocumentClientImpl    : Getting database account endpoint from https://nbev-cosmos.documents.azure.com:443
2023-05-09 19:00:08.510  INFO 16618 --- [           main] c.a.d.c.internal.RxDocumentClientImpl    : Initializing DocumentClient with serviceEndpoint [https://nbev-cosmos.documents.azure.com:443], connectionPolicy [ConnectionPolicy{requestTimeoutInMillis=60000, mediaRequestTimeoutInMillis=300000, connectionMode=DIRECT, maxPoolSize=1000, idleConnectionTimeoutInMillis=60000, userAgentSuffix=';spring-data/2.3.0;;spring-data/2.3.0;;spring-data/2.3.0;;spring-data/2.3.0;', retryOptions=RetryOptions{maxRetryAttemptsOnThrottledRequests=9, maxRetryWaitTimeInSeconds=30}, enableEndpointDiscovery=true, preferredLocations=null, usingMultipleWriteLocations=false, inetSocketProxyAddress=null}], consistencyLevel [Session], directModeProtocol [Tcp]
2023-05-09 19:00:08.511  INFO 16618 --- [     parallel-4] c.a.d.c.internal.RxDocumentClientImpl    : Getting database account endpoint from https://nbev-cosmos.documents.azure.com:443
2023-05-09 19:00:08.785  INFO 16618 --- [           main] o.s.s.concurrent.ThreadPoolTaskExecutor  : Initializing ExecutorService 'applicationTaskExecutor'
2023-05-09 19:00:08.868  INFO 16618 --- [           main] c.AzureCosmosDbApplicationManualTest     : Started AzureCosmosDbApplicationManualTest in 13.364 seconds (JVM running for 13.753)
]]></system-out>
  </testcase>
</testsuite>